<<<<<<< Updated upstream
=======

D, [2017-04-12T17:15:32.157542 #36702] DEBUG -- Pubnub::Client: Created new Pubnub::Client instance. Version: 4.0.19
D, [2017-04-12T17:15:44.216534 #36741] DEBUG -- Pubnub::Client: Created new Pubnub::Client instance. Version: 4.0.19
D, [2017-04-12T17:16:30.162768 #36785] DEBUG -- Pubnub::Client: Created new Pubnub::Client instance. Version: 4.0.19
D, [2017-04-12T17:31:19.200931 #78091] DEBUG -- Pubnub::Client: Created new Pubnub::Client instance. Version: 4.0.19
D, [2017-04-12T17:33:50.293867 #78256] DEBUG -- Pubnub::Client: Created new Pubnub::Client instance. Version: 4.0.19
D, [2017-04-12T17:34:28.124266 #78357] DEBUG -- Pubnub::Client: Created new Pubnub::Client instance. Version: 4.0.19
D, [2017-04-12T17:36:07.976222 #78469] DEBUG -- Pubnub::Client: Created new Pubnub::Client instance. Version: 4.0.19
D, [2017-04-12T17:40:22.299408 #78682] DEBUG -- Pubnub::Client: Created new Pubnub::Client instance. Version: 4.0.19
E, [2017-04-12T17:41:01.323445 #78277] ERROR -- : Couldn't cleanly terminate all actors in 10 seconds!
D, [2017-04-12T17:41:06.071957 #78743] DEBUG -- Pubnub::Client: Created new Pubnub::Client instance. Version: 4.0.19
D, [2017-04-12T17:41:56.609149 #78824] DEBUG -- Pubnub::Client: Created new Pubnub::Client instance. Version: 4.0.19
D, [2017-04-12T17:42:03.659338 #78863] DEBUG -- Pubnub::Client: Created new Pubnub::Client instance. Version: 4.0.19
D, [2017-04-12T17:44:27.386897 #78981] DEBUG -- Pubnub::Client: Created new Pubnub::Client instance. Version: 4.0.19
D, [2017-04-12T17:45:38.051090 #79068] DEBUG -- Pubnub::Client: Created new Pubnub::Client instance. Version: 4.0.19
E, [2017-04-12T17:46:13.552430 #78703] ERROR -- : Couldn't cleanly terminate all actors in 10 seconds!
D, [2017-04-12T17:46:19.749747 #79125] DEBUG -- Pubnub::Client: Created new Pubnub::Client instance. Version: 4.0.19
D, [2017-04-12T17:46:49.507329 #79199] DEBUG -- Pubnub::Client: Created new Pubnub::Client instance. Version: 4.0.19
D, [2017-04-12T17:50:06.827770 #79367] DEBUG -- Pubnub::Client: Created new Pubnub::Client instance. Version: 4.0.19
D, [2017-04-12T17:50:35.390780 #79424] DEBUG -- Pubnub::Client: Created new Pubnub::Client instance. Version: 4.0.19
D, [2017-04-12T17:51:51.060004 #79492] DEBUG -- Pubnub::Client: Created new Pubnub::Client instance. Version: 4.0.19
D, [2017-04-12T17:52:01.344409 #79535] DEBUG -- Pubnub::Client: Created new Pubnub::Client instance. Version: 4.0.19
E, [2017-04-12T17:52:26.202080 #79101] ERROR -- : Couldn't cleanly terminate all actors in 10 seconds!
D, [2017-04-12T17:52:32.523861 #79608] DEBUG -- Pubnub::Client: Created new Pubnub::Client instance. Version: 4.0.19
D, [2017-04-12T17:53:50.224210 #79707] DEBUG -- Pubnub::Client: Created new Pubnub::Client instance. Version: 4.0.19
D, [2017-04-12T17:55:13.472849 #79782] DEBUG -- Pubnub::Client: Created new Pubnub::Client instance. Version: 4.0.19
D, [2017-04-12T18:01:05.631776 #79994] DEBUG -- Pubnub::Client: Created new Pubnub::Client instance. Version: 4.0.19
D, [2017-04-12T18:04:03.159766 #80160] DEBUG -- Pubnub::Client: Created new Pubnub::Client instance. Version: 4.0.19
E, [2017-04-12T18:04:17.197281 #79445] ERROR -- : Couldn't cleanly terminate all actors in 10 seconds!
D, [2017-04-12T18:04:21.857095 #80232] DEBUG -- Pubnub::Client: Created new Pubnub::Client instance. Version: 4.0.19
D, [2017-04-12T18:04:49.548228 #80282] DEBUG -- Pubnub::Client: Created new Pubnub::Client instance. Version: 4.0.19
D, [2017-04-12T18:05:34.551500 #80351] DEBUG -- Pubnub::Client: Created new Pubnub::Client instance. Version: 4.0.19
D, [2017-04-12T18:05:55.816496 #80408] DEBUG -- Pubnub::Client: Created new Pubnub::Client instance. Version: 4.0.19
D, [2017-04-12T18:07:27.417419 #80491] DEBUG -- Pubnub::Client: Created new Pubnub::Client instance. Version: 4.0.19
D, [2017-04-12T18:07:46.779176 #80538] DEBUG -- Pubnub::Client: Created new Pubnub::Client instance. Version: 4.0.19
D, [2017-04-12T18:07:52.245800 #80575] DEBUG -- Pubnub::Client: Created new Pubnub::Client instance. Version: 4.0.19
D, [2017-04-12T18:09:12.210214 #80647] DEBUG -- Pubnub::Client: Created new Pubnub::Client instance. Version: 4.0.19
E, [2017-04-12T18:09:26.614873 #80252] ERROR -- : Couldn't cleanly terminate all actors in 10 seconds!
>>>>>>> Stashed changes
D, [2017-04-13T10:47:55.288546 #82854] DEBUG -- Pubnub::Client: Created new Pubnub::Client instance. Version: 4.0.20
